This is pdfTeX, Version 3.14159265-2.6-1.40.21 (MiKTeX 20.6.29) (preloaded format=latex 2020.9.30)  24 JUL 2023 10:50
entering extended mode
**./algorithmAnalysisContent.tex
(algorithmAnalysisContent.tex
LaTeX2e <2020-02-02> patch level 5
L3 programming layer <2020-06-18>

! LaTeX Error: Missing \begin{document}.

See the LaTeX manual or LaTeX Companion for explanation.
Type  H <return>  for immediate help.
 ...                                              
                                                  
l.3 !
     TEX root = ../AIDMA.tex
? 
! Emergency stop.
 ...                                              
                                                  
l.3 !
     TEX root = ../AIDMA.tex
You're in trouble here.  Try typing  <return>  to proceed.
If that doesn't work, type  X <return>  to quit.

 
Here is how much of TeX's memory you used:
 19 strings out of 480791
 743 string characters out of 2907078
 238887 words of memory out of 3000000
 16130 multiletter control sequences out of 15000+200000
 532338 words of font info for 24 fonts, out of 3000000 for 9000
 1141 hyphenation exceptions out of 8191
 12i,0n,15p,143b,14s stack positions out of 5000i,500n,10000p,200000b,50000s
No pages of output.
