\BOOKMARK [0][]{chapter*.1}{Preface and Note to Instructors}{}% 1
\BOOKMARK [0][]{chapter*.2}{Note to Students}{}% 2
\BOOKMARK [0][]{chapter.0}{Motivation}{}% 3
\BOOKMARK [1][]{section.0.1}{Some Problems}{chapter.0}% 4
\BOOKMARK [0][]{chapter.1}{Logic}{}% 5
\BOOKMARK [1][]{section.1.1}{Propositional Logic}{chapter.1}% 6
\BOOKMARK [2][]{subsection.1.1.1}{Basic Definitions}{section.1.1}% 7
\BOOKMARK [2][]{subsection.1.1.2}{Compound Propositions}{section.1.1}% 8
\BOOKMARK [2][]{subsection.1.1.3}{Truth Tables}{section.1.1}% 9
\BOOKMARK [2][]{subsection.1.1.4}{Precedence Rules}{section.1.1}% 10
\BOOKMARK [1][]{section.1.2}{Propositional Equivalence}{chapter.1}% 11
\BOOKMARK [1][]{section.1.3}{Predicates and Quantifiers}{chapter.1}% 12
\BOOKMARK [1][]{section.1.4}{Normal Forms}{chapter.1}% 13
\BOOKMARK [1][]{section.1.5}{Reading Comprehension Questions}{chapter.1}% 14
\BOOKMARK [1][]{section.1.6}{Problems}{chapter.1}% 15
\BOOKMARK [0][]{chapter.2}{Proof Methods}{}% 16
\BOOKMARK [1][]{section.2.1}{Direct Proofs}{chapter.2}% 17
\BOOKMARK [1][]{section.2.2}{Implication and Its Friends}{chapter.2}% 18
\BOOKMARK [1][]{section.2.3}{Proof by Contradiction}{chapter.2}% 19
\BOOKMARK [1][]{section.2.4}{Proof by Contraposition}{chapter.2}% 20
\BOOKMARK [1][]{section.2.5}{Other Proof Techniques}{chapter.2}% 21
\BOOKMARK [1][]{section.2.6}{If and Only If Proofs}{chapter.2}% 22
\BOOKMARK [1][]{section.2.7}{Common Errors in Proofs}{chapter.2}% 23
\BOOKMARK [1][]{section.2.8}{More Practice}{chapter.2}% 24
\BOOKMARK [1][]{section.2.9}{Reading Comprehension Questions}{chapter.2}% 25
\BOOKMARK [1][]{section.2.10}{Problems}{chapter.2}% 26
\BOOKMARK [0][]{chapter.3}{Sets, Functions, and Relations}{}% 27
\BOOKMARK [1][]{section.3.1}{Sets}{chapter.3}% 28
\BOOKMARK [2][]{subsection.3.1.1}{Definitions}{section.3.1}% 29
\BOOKMARK [2][]{subsection.3.1.2}{Set Operations}{section.3.1}% 30
\BOOKMARK [2][]{subsection.3.1.3}{Set Proofs}{section.3.1}% 31
\BOOKMARK [1][]{section.3.2}{Modular Arithmetic, GCD, Rounding}{chapter.3}% 32
\BOOKMARK [1][]{section.3.3}{Functions}{chapter.3}% 33
\BOOKMARK [2][]{subsection.3.3.1}{Definitions}{section.3.3}% 34
\BOOKMARK [2][]{subsection.3.3.2}{Function Proofs}{section.3.3}% 35
\BOOKMARK [1][]{section.3.4}{Partitions and Equivalence Relations}{chapter.3}% 36
\BOOKMARK [1][]{section.3.5}{Reading Comprehension Questions}{chapter.3}% 37
\BOOKMARK [1][]{section.3.6}{Problems}{chapter.3}% 38
\BOOKMARK [0][]{chapter.4}{Programming Fundamentals and Algorithms}{}% 39
\BOOKMARK [1][]{section.4.1}{Basic Syntax and Algorithms}{chapter.4}% 40
\BOOKMARK [1][]{section.4.2}{Remainders and Rounding Revisited}{chapter.4}% 41
\BOOKMARK [1][]{section.4.3}{If-Else Statements}{chapter.4}% 42
\BOOKMARK [1][]{section.4.4}{Logic in programming}{chapter.4}% 43
\BOOKMARK [1][]{section.4.5}{Bitwise Operations}{chapter.4}% 44
\BOOKMARK [1][]{section.4.6}{The for loop}{chapter.4}% 45
\BOOKMARK [1][]{section.4.7}{Arrays}{chapter.4}% 46
\BOOKMARK [1][]{section.4.8}{Quantifiers and Algorithms}{chapter.4}% 47
\BOOKMARK [1][]{section.4.9}{The while loop}{chapter.4}% 48
\BOOKMARK [1][]{section.4.10}{More fun with Algorithms}{chapter.4}% 49
\BOOKMARK [1][]{section.4.11}{Reading Comprehension Questions}{chapter.4}% 50
\BOOKMARK [1][]{section.4.12}{Problems}{chapter.4}% 51
\BOOKMARK [0][]{chapter.5}{Sequences, Summations, and Matrices}{}% 52
\BOOKMARK [1][]{section.5.1}{Sequences}{chapter.5}% 53
\BOOKMARK [1][]{section.5.2}{Sums and Products}{chapter.5}% 54
\BOOKMARK [1][]{section.5.3}{Matrices and Matrix Operations}{chapter.5}% 55
\BOOKMARK [2][]{subsection.5.3.1}{Definitions}{section.5.3}% 56
\BOOKMARK [2][]{subsection.5.3.2}{Matrix Multiplication}{section.5.3}% 57
\BOOKMARK [2][]{subsection.5.3.3}{Trace and Transpose}{section.5.3}% 58
\BOOKMARK [1][]{section.5.4}{Reading Comprehension Questions}{chapter.5}% 59
\BOOKMARK [1][]{section.5.5}{Problems}{chapter.5}% 60
\BOOKMARK [0][]{chapter.6}{Algorithm Analysis}{}% 61
\BOOKMARK [1][]{section.6.1}{Asymptotic Notation}{chapter.6}% 62
\BOOKMARK [2][]{subsection.6.1.1}{The Notations}{section.6.1}% 63
\BOOKMARK [2][]{subsection.6.1.2}{Properties of the Notations}{section.6.1}% 64
\BOOKMARK [2][]{subsection.6.1.3}{Proofs using the definitions}{section.6.1}% 65
\BOOKMARK [2][]{subsection.6.1.4}{Proofs using limits}{section.6.1}% 66
\BOOKMARK [1][]{section.6.2}{Common Growth Rates}{chapter.6}% 67
\BOOKMARK [1][]{section.6.3}{Algorithm Analysis}{chapter.6}% 68
\BOOKMARK [2][]{subsection.6.3.1}{Analyzing Algorithms}{section.6.3}% 69
\BOOKMARK [2][]{subsection.6.3.2}{Common Time Complexities}{section.6.3}% 70
\BOOKMARK [2][]{subsection.6.3.3}{Basic Sorting Algorithms}{section.6.3}% 71
\BOOKMARK [2][]{subsection.6.3.4}{Basic Data Structures}{section.6.3}% 72
\BOOKMARK [2][]{subsection.6.3.5}{More Examples}{section.6.3}% 73
\BOOKMARK [2][]{subsection.6.3.6}{Binary Search}{section.6.3}% 74
\BOOKMARK [1][]{section.6.4}{Reading Comprehension Questions}{chapter.6}% 75
\BOOKMARK [1][]{section.6.5}{Problems}{chapter.6}% 76
\BOOKMARK [0][]{chapter.7}{Recursion, Recurrences, and Mathematical Induction}{}% 77
\BOOKMARK [1][]{section.7.1}{Mathematical Induction}{chapter.7}% 78
\BOOKMARK [2][]{subsection.7.1.1}{The Basics}{section.7.1}% 79
\BOOKMARK [2][]{subsection.7.1.2}{Equalities/Inequalities}{section.7.1}% 80
\BOOKMARK [2][]{subsection.7.1.3}{Variations}{section.7.1}% 81
\BOOKMARK [2][]{subsection.7.1.4}{Strong Induction}{section.7.1}% 82
\BOOKMARK [2][]{subsection.7.1.5}{Induction Errors}{section.7.1}% 83
\BOOKMARK [2][]{subsection.7.1.6}{Summary/Tips}{section.7.1}% 84
\BOOKMARK [1][]{section.7.2}{Recursion}{chapter.7}% 85
\BOOKMARK [1][]{section.7.3}{Solving Recurrence Relations}{chapter.7}% 86
\BOOKMARK [2][]{subsection.7.3.1}{Substitution Method}{section.7.3}% 87
\BOOKMARK [2][]{subsection.7.3.2}{Iteration Method}{section.7.3}% 88
\BOOKMARK [2][]{subsection.7.3.3}{Master Theorem}{section.7.3}% 89
\BOOKMARK [2][]{subsection.7.3.4}{Linear Recurrence Relations}{section.7.3}% 90
\BOOKMARK [1][]{section.7.4}{Analyzing Recursive Algorithms}{chapter.7}% 91
\BOOKMARK [2][]{subsection.7.4.1}{Analyzing Quicksort}{section.7.4}% 92
\BOOKMARK [1][]{section.7.5}{Reading Comprehension Questions}{chapter.7}% 93
\BOOKMARK [1][]{section.7.6}{Problems}{chapter.7}% 94
\BOOKMARK [0][]{chapter.8}{Counting}{}% 95
\BOOKMARK [1][]{section.8.1}{The Sum and Product Rules}{chapter.8}% 96
\BOOKMARK [1][]{section.8.2}{Pigeonhole Principle}{chapter.8}% 97
\BOOKMARK [1][]{section.8.3}{Permutations and Combinations}{chapter.8}% 98
\BOOKMARK [2][]{subsection.8.3.1}{Permutations without Repetitions}{section.8.3}% 99
\BOOKMARK [2][]{subsection.8.3.2}{Permutations with Repetitions}{section.8.3}% 100
\BOOKMARK [2][]{subsection.8.3.3}{Combinations without Repetitions}{section.8.3}% 101
\BOOKMARK [2][]{subsection.8.3.4}{Combinations with Repetitions}{section.8.3}% 102
\BOOKMARK [1][]{section.8.4}{Binomial Theorem}{chapter.8}% 103
\BOOKMARK [1][]{section.8.5}{Inclusion-Exclusion}{chapter.8}% 104
\BOOKMARK [1][]{section.8.6}{Reading Comprehension Questions}{chapter.8}% 105
\BOOKMARK [1][]{section.8.7}{Problems}{chapter.8}% 106
\BOOKMARK [0][]{chapter.9}{Graph Theory}{}% 107
\BOOKMARK [1][]{section.9.1}{Types of Graphs}{chapter.9}% 108
\BOOKMARK [1][]{section.9.2}{Graph Terminology}{chapter.9}% 109
\BOOKMARK [1][]{section.9.3}{Some Special Graphs}{chapter.9}% 110
\BOOKMARK [1][]{section.9.4}{Handshaking Lemma}{chapter.9}% 111
\BOOKMARK [1][]{section.9.5}{Graph Representation}{chapter.9}% 112
\BOOKMARK [1][]{section.9.6}{Problem Solving with Graphs}{chapter.9}% 113
\BOOKMARK [2][]{subsection.9.6.1}{Sample Problems}{section.9.6}% 114
\BOOKMARK [2][]{subsection.9.6.2}{Trails, Paths, and Cycles}{section.9.6}% 115
\BOOKMARK [2][]{subsection.9.6.3}{Planar Graphs}{section.9.6}% 116
\BOOKMARK [2][]{subsection.9.6.4}{Minimum Spanning Trees}{section.9.6}% 117
\BOOKMARK [1][]{section.9.7}{Reading Comprehension Questions}{chapter.9}% 118
\BOOKMARK [1][]{section.9.8}{Problems}{chapter.9}% 119
\BOOKMARK [0][]{section*.21}{Reading Question Solutions}{}% 120
\BOOKMARK [0][]{section*.23}{Exercise Solutions}{}% 121
\BOOKMARK [0][]{section*.25}{GNU Free Documentation License}{}% 122
\BOOKMARK [0][]{chapter*.37}{Index}{}% 123
